
[2007-05-09 01:07:57,771] INFO: UmitWeb - server running on pid 16137
[2007-05-09 01:07:57,781] INFO: UmitWeb - Starting child process
[2007-05-09 01:07:57,823] DEBUG: HttpRequest - POST data: {'data': 'Some data', 'name': 'A name'}
[2007-05-09 01:07:57,823] DEBUG: HttpRequest - POST path: /test/server/info/
[2007-05-09 01:07:57,846] DEBUG: HttpRequest - Form-header: Content-disposition: form-data; name=data
[2007-05-09 01:07:57,846] DEBUG: HttpRequest - Form-data: Some data
[2007-05-09 01:07:57,849] DEBUG: HttpRequest - Form-header: Content-disposition: form-data; name=name
[2007-05-09 01:07:57,849] DEBUG: HttpRequest - Form-data: A name
[2007-05-09 01:07:57,850] DEBUG: HttpRequest - Form-header: Content-disposition: form-data; name=arq, filename=test.txt
[2007-05-09 01:07:57,850] DEBUG: HttpRequest - Form-data: ntent-type: text/plain

some
text
here in this
text file.

[2007-05-09 01:07:57,850] DEBUG: HttpRequest - POST data: {'data': 'Some data', 'name': 'A name', 'test.txt': 'test.txt'}
[2007-05-09 01:07:57,851] DEBUG: HttpRequest - POST path: /test/server/info/
[2007-05-09 01:07:57,898] INFO: UmitWeb - killing server process...
[2007-05-09 01:14:30,863] INFO: UmitWeb - server running on pid 16366
[2007-05-09 01:14:30,876] INFO: UmitWeb - Starting child process
[2007-05-09 01:14:30,935] DEBUG: HttpRequest - POST data: {'data': 'Some data', 'name': 'A name'}
[2007-05-09 01:14:30,935] DEBUG: HttpRequest - POST path: /test/server/info/
[2007-05-09 01:14:30,959] DEBUG: HttpRequest - Form-header: Content-disposition: form-data; name=data
[2007-05-09 01:14:30,960] DEBUG: HttpRequest - Form-data: 
Some data

[2007-05-09 01:14:30,961] DEBUG: HttpRequest - Form-header: Content-disposition: form-data; name=name
[2007-05-09 01:14:30,962] DEBUG: HttpRequest - Form-data: 
A name

[2007-05-09 01:14:30,962] DEBUG: HttpRequest - Form-header: Content-disposition: form-data; name=arq, filename=test.txt
[2007-05-09 01:14:30,962] DEBUG: HttpRequest - Form-data: Content-type: text/plain

some
text
here in this
text file.


[2007-05-09 01:14:30,963] DEBUG: HttpRequest - POST data: {'data': 'Some data', 'name': 'A name', 'test.txt': 'test.txt'}
[2007-05-09 01:14:30,963] DEBUG: HttpRequest - POST path: /test/server/info/
[2007-05-09 01:14:30,963] DEBUG: HttpRequest - temp name: : text/plain
[2007-05-09 01:14:31,011] INFO: UmitWeb - killing server process...
[2007-05-09 01:15:35,486] INFO: UmitWeb - Starting child process
[2007-05-09 01:15:35,493] INFO: UmitWeb - server running on pid 16400
[2007-05-09 01:15:35,543] DEBUG: HttpRequest - POST data: {'data': 'Some data', 'name': 'A name'}
[2007-05-09 01:15:35,544] DEBUG: HttpRequest - POST path: /test/server/info/
[2007-05-09 01:15:35,565] DEBUG: HttpRequest - POST data: {'data': 'Some data', 'name': 'A name', 'test.txt': 'test.txt'}
[2007-05-09 01:15:35,565] DEBUG: HttpRequest - POST path: /test/server/info/
[2007-05-09 01:15:35,565] DEBUG: HttpRequest - temp name: : text/plain
[2007-05-09 01:15:35,614] INFO: UmitWeb - killing server process...
[2007-05-09 01:16:25,372] INFO: UmitWeb - Starting child process
[2007-05-09 01:16:25,378] INFO: UmitWeb - server running on pid 16443
[2007-05-09 01:16:25,430] DEBUG: HttpRequest - POST data: {'data': 'Some data', 'name': 'A name'}
[2007-05-09 01:16:25,430] DEBUG: HttpRequest - POST path: /test/server/info/
[2007-05-09 01:16:25,453] DEBUG: HttpRequest - POST data: {'data': 'Some data', 'name': 'A name', 'arq, filename=test.txt': 'test.txt'}
[2007-05-09 01:16:25,454] DEBUG: HttpRequest - POST path: /test/server/info/
[2007-05-09 01:16:25,454] DEBUG: HttpRequest - temp name: : text/plain
[2007-05-09 01:16:25,507] INFO: UmitWeb - killing server process...
[2007-05-09 01:17:04,623] INFO: UmitWeb - Starting child process
[2007-05-09 01:17:04,629] INFO: UmitWeb - server running on pid 16472
[2007-05-09 01:17:04,680] DEBUG: HttpRequest - POST data: {'data': 'Some data', 'name': 'A name'}
[2007-05-09 01:17:04,681] DEBUG: HttpRequest - POST path: /test/server/info/
[2007-05-09 01:17:04,750] INFO: UmitWeb - killing server process...
[2007-05-09 01:17:41,709] INFO: UmitWeb - Starting child process
[2007-05-09 01:17:41,717] INFO: UmitWeb - server running on pid 16496
[2007-05-09 01:17:41,771] DEBUG: HttpRequest - POST data: {'data': 'Some data', 'name': 'A name'}
[2007-05-09 01:17:41,772] DEBUG: HttpRequest - POST path: /test/server/info/
[2007-05-09 01:17:41,840] INFO: UmitWeb - killing server process...
[2007-05-09 01:17:50,288] INFO: UmitWeb - Starting child process
[2007-05-09 01:17:50,294] INFO: UmitWeb - server running on pid 16506
[2007-05-09 01:17:50,341] DEBUG: HttpRequest - POST data: {'data': 'Some data', 'name': 'A name'}
[2007-05-09 01:17:50,342] DEBUG: HttpRequest - POST path: /test/server/info/
[2007-05-09 01:17:50,415] INFO: UmitWeb - killing server process...
[2007-05-09 01:18:07,749] INFO: UmitWeb - server running on pid 16519
[2007-05-09 01:18:07,758] INFO: UmitWeb - Starting child process
[2007-05-09 01:18:07,800] DEBUG: HttpRequest - POST data: {'data': 'Some data', 'name': 'A name'}
[2007-05-09 01:18:07,800] DEBUG: HttpRequest - POST path: /test/server/info/
[2007-05-09 01:18:07,822] DEBUG: HttpRequest - POST data: {'data': 'Some data', 'name': 'A name', 'arq, filename=test.txt': 'test.txt'}
[2007-05-09 01:18:07,823] DEBUG: HttpRequest - POST path: /test/server/info/
[2007-05-09 01:18:07,823] DEBUG: HttpRequest - temp name: : text/plain
[2007-05-09 01:18:07,882] INFO: UmitWeb - killing server process...
[2007-05-09 01:18:36,614] INFO: UmitWeb - Starting child process
[2007-05-09 01:18:36,620] INFO: UmitWeb - server running on pid 16537
[2007-05-09 01:18:36,670] DEBUG: HttpRequest - POST data: {'data': 'Some data', 'name': 'A name'}
[2007-05-09 01:18:36,670] DEBUG: HttpRequest - POST path: /test/server/info/
[2007-05-09 01:18:36,692] DEBUG: HttpRequest - POST data: {'arq': 'test.txt', 'data': 'Some data', 'name': 'A name'}
[2007-05-09 01:18:36,692] DEBUG: HttpRequest - POST path: /test/server/info/
[2007-05-09 01:18:36,692] DEBUG: HttpRequest - temp name: : text/plain
[2007-05-09 01:18:36,737] INFO: UmitWeb - killing server process...
[2007-05-09 01:18:50,960] INFO: UmitWeb - Starting child process
[2007-05-09 01:18:50,971] INFO: UmitWeb - server running on pid 16549
[2007-05-09 01:18:51,032] DEBUG: HttpRequest - POST data: {'data': 'Some data', 'name': 'A name'}
[2007-05-09 01:18:51,033] DEBUG: HttpRequest - POST path: /test/server/info/
[2007-05-09 01:18:51,055] DEBUG: HttpRequest - POST data: {'arq': 'test.txt', 'data': 'Some data', 'name': 'A name'}
[2007-05-09 01:18:51,055] DEBUG: HttpRequest - POST path: /test/server/info/
[2007-05-09 01:18:51,055] DEBUG: HttpRequest - temp name: : text/plain
[2007-05-09 01:18:51,101] INFO: UmitWeb - killing server process...
[2007-05-09 01:19:20,082] INFO: UmitWeb - Starting child process
[2007-05-09 01:19:20,088] INFO: UmitWeb - server running on pid 16569
[2007-05-09 01:19:20,135] DEBUG: HttpRequest - POST data: {'data': 'Some data', 'name': 'A name'}
[2007-05-09 01:19:20,135] DEBUG: HttpRequest - POST path: /test/server/info/
[2007-05-09 01:19:20,159] DEBUG: HttpRequest - POST data: {'arq': 'test.txt', 'data': 'Some data', 'name': 'A name'}
[2007-05-09 01:19:20,159] DEBUG: HttpRequest - POST path: /test/server/info/
[2007-05-09 01:19:20,159] DEBUG: HttpRequest - temp name: /tmp/tmpscLfZE
[2007-05-09 01:19:20,204] INFO: UmitWeb - killing server process...
[2007-05-09 01:21:36,784] INFO: UmitWeb - Starting child process
[2007-05-09 01:21:36,790] INFO: UmitWeb - server running on pid 16685
[2007-05-09 01:21:36,849] DEBUG: HttpRequest - POST data: {'data': 'Some data', 'name': 'A name'}
[2007-05-09 01:21:36,849] DEBUG: HttpRequest - POST path: /test/server/info/
[2007-05-09 01:21:36,869] DEBUG: HttpRequest - POST data: {'arq': 'test.txt', 'data': 'Some data', 'name': 'A name'}
[2007-05-09 01:21:36,870] DEBUG: HttpRequest - POST path: /test/server/info/
[2007-05-09 01:21:36,870] DEBUG: HttpRequest - temp name: /tmp/tmpftF1XM
[2007-05-09 01:21:36,918] INFO: UmitWeb - killing server process...
[2007-05-09 01:28:20,859] INFO: UmitWeb - server running on pid 17000
[2007-05-09 01:28:20,870] INFO: UmitWeb - Starting child process
[2007-05-09 01:28:20,919] DEBUG: HttpRequest - POST data: {'data': 'Some data', 'name': 'A name'}
[2007-05-09 01:28:20,919] DEBUG: HttpRequest - POST path: /test/server/info/
[2007-05-09 01:28:20,940] DEBUG: HttpRequest - POST data: {'arq': 'test.txt', 'data': 'Some data', 'name': 'A name'}
[2007-05-09 01:28:20,941] DEBUG: HttpRequest - POST path: /test/server/info/
[2007-05-09 01:28:20,941] DEBUG: HttpRequest - temp name: /tmp/tmpVhEfEV
[2007-05-09 01:28:20,990] INFO: UmitWeb - killing server process...
[2007-05-09 01:31:20,349] INFO: UmitWeb - Starting child process
[2007-05-09 01:31:20,352] INFO: UmitWeb - server running on pid 17095
[2007-05-09 01:31:20,415] DEBUG: HttpRequest - POST data: {'data': 'Some data', 'name': 'A name'}
[2007-05-09 01:31:20,416] DEBUG: HttpRequest - POST path: /test/server/info/
[2007-05-09 01:31:20,438] DEBUG: HttpRequest - POST data: {'arq': 'test.txt', 'data': 'Some data', 'name': 'A name'}
[2007-05-09 01:31:20,438] DEBUG: HttpRequest - POST path: /test/server/info/
[2007-05-09 01:31:20,439] DEBUG: HttpRequest - temp name: /tmp/tmpGGO2kR
[2007-05-09 01:31:20,537] INFO: UmitWeb - killing server process...
[2007-05-09 01:32:28,798] INFO: UmitWeb - Starting child process
[2007-05-09 01:32:28,804] INFO: UmitWeb - server running on pid 17144
[2007-05-09 01:32:28,855] DEBUG: HttpRequest - POST data: {'data': 'Some data', 'name': 'A name'}
[2007-05-09 01:32:28,855] DEBUG: HttpRequest - POST path: /test/server/info/
[2007-05-09 01:32:28,882] DEBUG: HttpRequest - POST data: {'arq': 'test.txt', 'data': 'Some data', 'name': 'A name'}
[2007-05-09 01:32:28,882] DEBUG: HttpRequest - POST path: /test/server/info/
[2007-05-09 01:32:28,883] DEBUG: HttpRequest - temp name: /tmp/tmpRzv5lF
[2007-05-09 01:32:28,931] INFO: UmitWeb - killing server process...
[2007-05-09 01:32:55,251] INFO: UmitWeb - server running on pid 17167
[2007-05-09 01:32:55,261] INFO: UmitWeb - Starting child process
[2007-05-09 01:32:55,307] DEBUG: HttpRequest - POST data: {'data': 'Some data', 'name': 'A name'}
[2007-05-09 01:32:55,307] DEBUG: HttpRequest - POST path: /test/server/info/
[2007-05-09 01:32:55,327] DEBUG: HttpRequest - POST data: {'arq': 'test.txt', 'data': 'Some data', 'name': 'A name'}
[2007-05-09 01:32:55,328] DEBUG: HttpRequest - POST path: /test/server/info/
[2007-05-09 01:32:55,328] DEBUG: HttpRequest - temp name: /tmp/tmpBUexv9
[2007-05-09 01:32:55,373] INFO: UmitWeb - killing server process...
[2007-05-09 01:33:09,999] INFO: UmitWeb - Starting child process
[2007-05-09 01:33:10,005] INFO: UmitWeb - server running on pid 17180
[2007-05-09 01:33:10,055] DEBUG: HttpRequest - POST data: {'data': 'Some data', 'name': 'A name'}
[2007-05-09 01:33:10,055] DEBUG: HttpRequest - POST path: /test/server/info/
[2007-05-09 01:33:10,078] DEBUG: HttpRequest - POST data: {'arq': 'test.txt', 'data': 'Some data', 'name': 'A name'}
[2007-05-09 01:33:10,078] DEBUG: HttpRequest - POST path: /test/server/info/
[2007-05-09 01:33:10,079] DEBUG: HttpRequest - temp name: /tmp/tmpgODkKU
[2007-05-09 01:33:10,306] INFO: UmitWeb - killing server process...
[2007-05-09 01:33:42,551] INFO: UmitWeb - Starting child process
[2007-05-09 01:33:42,558] INFO: UmitWeb - server running on pid 17208
[2007-05-09 01:33:42,618] DEBUG: HttpRequest - POST data: {'data': 'Some data', 'name': 'A name'}
[2007-05-09 01:33:42,618] DEBUG: HttpRequest - POST path: /test/server/info/
[2007-05-09 01:33:42,639] DEBUG: HttpRequest - 
some
text
here in this
text file.


[2007-05-09 01:33:42,640] DEBUG: HttpRequest - POST data: {'arq': 'test.txt', 'data': 'Some data', 'name': 'A name'}
[2007-05-09 01:33:42,640] DEBUG: HttpRequest - POST path: /test/server/info/
[2007-05-09 01:33:42,641] DEBUG: HttpRequest - temp name: /tmp/tmpTvI1LK
[2007-05-09 01:33:42,689] INFO: UmitWeb - killing server process...
[2007-05-09 01:34:07,682] INFO: UmitWeb - Starting child process
[2007-05-09 01:34:07,689] INFO: UmitWeb - server running on pid 17226
[2007-05-09 01:34:07,737] DEBUG: HttpRequest - POST data: {'data': 'Some data', 'name': 'A name'}
[2007-05-09 01:34:07,738] DEBUG: HttpRequest - POST path: /test/server/info/
[2007-05-09 01:34:07,764] DEBUG: HttpRequest - 
some
text
here in this
text file.

[2007-05-09 01:34:07,765] DEBUG: HttpRequest - POST data: {'arq': 'test.txt', 'data': 'Some data', 'name': 'A name'}
[2007-05-09 01:34:07,765] DEBUG: HttpRequest - POST path: /test/server/info/
[2007-05-09 01:34:07,766] DEBUG: HttpRequest - temp name: /tmp/tmpKFe2XV
[2007-05-09 01:34:07,814] INFO: UmitWeb - killing server process...
[2007-05-09 01:34:18,635] INFO: UmitWeb - server running on pid 17237
[2007-05-09 01:34:18,648] INFO: UmitWeb - Starting child process
[2007-05-09 01:34:18,697] DEBUG: HttpRequest - POST data: {'data': 'Some data', 'name': 'A name'}
[2007-05-09 01:34:18,697] DEBUG: HttpRequest - POST path: /test/server/info/
[2007-05-09 01:34:18,719] DEBUG: HttpRequest - 
some
text
here in this
text file
[2007-05-09 01:34:18,720] DEBUG: HttpRequest - POST data: {'arq': 'test.txt', 'data': 'Some data', 'name': 'A name'}
[2007-05-09 01:34:18,720] DEBUG: HttpRequest - POST path: /test/server/info/
[2007-05-09 01:34:18,720] DEBUG: HttpRequest - temp name: /tmp/tmp6Xhk4-
[2007-05-09 01:34:18,769] INFO: UmitWeb - killing server process...
[2007-05-09 01:35:49,123] INFO: UmitWeb - Starting child process
[2007-05-09 01:35:49,129] INFO: UmitWeb - server running on pid 17293
[2007-05-09 01:35:49,177] DEBUG: HttpRequest - POST data: {'data': 'Some data', 'name': 'A name'}
[2007-05-09 01:35:49,178] DEBUG: HttpRequest - POST path: /test/server/info/
[2007-05-09 01:35:49,199] DEBUG: HttpRequest - some
text
here in this
text file.

[2007-05-09 01:35:49,200] DEBUG: HttpRequest - POST data: {'arq': 'test.txt', 'data': 'Some data', 'name': 'A name'}
[2007-05-09 01:35:49,200] DEBUG: HttpRequest - POST path: /test/server/info/
[2007-05-09 01:35:49,200] DEBUG: HttpRequest - temp name: /tmp/tmp1GQNPz
[2007-05-09 01:35:49,246] INFO: UmitWeb - killing server process...
[2007-05-09 20:54:52,348] INFO: UmitWeb - server running on pid 13938
[2007-05-09 20:54:52,351] INFO: UmitWeb - Starting child process
[2007-05-09 20:54:52,940] DEBUG: HttpRequest - POST data: {'data': 'Some data', 'name': 'A name'}
[2007-05-09 20:54:52,940] DEBUG: HttpRequest - POST path: /test/server/info/
[2007-05-09 20:54:53,036] DEBUG: HttpRequest - some
text
here in this
text file.

[2007-05-09 20:54:53,036] DEBUG: HttpRequest - POST data: {'arq': 'test.txt', 'data': 'Some data', 'name': 'A name'}
[2007-05-09 20:54:53,036] DEBUG: HttpRequest - POST path: /test/server/info/
[2007-05-09 20:54:53,037] DEBUG: HttpRequest - temp name: /tmp/tmpQGyj2_
[2007-05-09 20:54:53,253] INFO: UmitWeb - killing server process...
